Using pre-set license
Built from '2020.3/staging' branch; Version is '2020.3.28f1 (f5400f52e03f) revision 16072719'; Using compiler version '192528614'; Build Type 'Release'
OS: 'Windows 10  (10.0.19044) 64bit Professional' Language: 'en' Physical Memory: 32665 MB
BatchMode: 1, IsHumanControllingUs: 0, StartBugReporterOnCrash: 0, Is64bit: 1, IsPro: 0

COMMAND LINE ARGUMENTS:
F:\Unity\2020.3.28f1\Editor\Unity.exe
-adb2
-batchMode
-noUpm
-name
AssetImportWorker0
-projectPath
F:/GitHub/GameJam2/Horror Level
-logFile
Logs/AssetImportWorker0.log
-srvPort
56026
Successfully changed project path to: F:/GitHub/GameJam2/Horror Level
F:/GitHub/GameJam2/Horror Level
Using Asset Import Pipeline V2.
Refreshing native plugins compatible for Editor in 22.82 ms, found 2 plugins.
Preloading 0 native plugins for Editor in 0.00 ms.
Initialize engine version: 2020.3.28f1 (f5400f52e03f)
[Subsystems] Discovering subsystems at path F:/Unity/2020.3.28f1/Editor/Data/Resources/UnitySubsystems
[Subsystems] Discovering subsystems at path F:/GitHub/GameJam2/Horror Level/Assets
GfxDevice: creating device client; threaded=0
Direct3D:
    Version:  Direct3D 11.0 [level 11.1]
    Renderer: NVIDIA GeForce RTX 3060 Ti (ID=0x2489)
    Vendor:   
    VRAM:     8050 MB
    Driver:   30.0.15.1165
Initialize mono
Mono path[0] = 'F:/Unity/2020.3.28f1/Editor/Data/Managed'
Mono path[1] = 'F:/Unity/2020.3.28f1/Editor/Data/MonoBleedingEdge/lib/mono/unityjit'
Mono config path = 'F:/Unity/2020.3.28f1/Editor/Data/MonoBleedingEdge/etc'
Using monoOptions --debugger-agent=transport=dt_socket,embedding=1,server=y,suspend=n,address=127.0.0.1:56084
Begin MonoManager ReloadAssembly
Registering precompiled unity dll's ...
Register platform support module: F:/Unity/2020.3.28f1/Editor/Data/PlaybackEngines/WindowsStandaloneSupport/UnityEditor.WindowsStandalone.Extensions.dll
Registered in 0.000857 seconds.
Native extension for WindowsStandalone target not found
Refreshing native plugins compatible for Editor in 22.99 ms, found 2 plugins.
Preloading 0 native plugins for Editor in 0.00 ms.
Mono: successfully reloaded assembly
- Completed reload, in  0.377 seconds
Domain Reload Profiling:
	ReloadAssembly (377ms)
		BeginReloadAssembly (46ms)
			ExecutionOrderSort (0ms)
			DisableScriptedObjects (0ms)
			BackupInstance (0ms)
			ReleaseScriptingObjects (0ms)
			CreateAndSetChildDomain (1ms)
		EndReloadAssembly (290ms)
			LoadAssemblies (46ms)
			RebuildTransferFunctionScriptingTraits (0ms)
			SetupTypeCache (97ms)
			ReleaseScriptCaches (0ms)
			RebuildScriptCaches (19ms)
			SetupLoadedEditorAssemblies (110ms)
				LogAssemblyErrors (0ms)
				InitializePlatformSupportModulesInManaged (3ms)
				SetLoadedEditorAssemblies (0ms)
				RefreshPlugins (23ms)
				BeforeProcessingInitializeOnLoad (11ms)
				ProcessInitializeOnLoadAttributes (55ms)
				ProcessInitializeOnLoadMethodAttributes (18ms)
				AfterProcessingInitializeOnLoad (0ms)
				EditorAssembliesLoaded (0ms)
			ExecutionOrderSort2 (0ms)
			AwakeInstancesAfterBackupRestoration (0ms)
Platform modules already initialized, skipping
Registering precompiled user dll's ...
Registered in 0.002529 seconds.
Begin MonoManager ReloadAssembly
Native extension for WindowsStandalone target not found
Refreshing native plugins compatible for Editor in 0.24 ms, found 2 plugins.
Preloading 0 native plugins for Editor in 0.00 ms.
Mono: successfully reloaded assembly
- Completed reload, in  0.613 seconds
Domain Reload Profiling:
	ReloadAssembly (613ms)
		BeginReloadAssembly (100ms)
			ExecutionOrderSort (0ms)
			DisableScriptedObjects (3ms)
			BackupInstance (0ms)
			ReleaseScriptingObjects (0ms)
			CreateAndSetChildDomain (12ms)
		EndReloadAssembly (479ms)
			LoadAssemblies (66ms)
			RebuildTransferFunctionScriptingTraits (0ms)
			SetupTypeCache (165ms)
			ReleaseScriptCaches (0ms)
			RebuildScriptCaches (25ms)
			SetupLoadedEditorAssemblies (185ms)
				LogAssemblyErrors (0ms)
				InitializePlatformSupportModulesInManaged (3ms)
				SetLoadedEditorAssemblies (0ms)
				RefreshPlugins (0ms)
				BeforeProcessingInitializeOnLoad (50ms)
				ProcessInitializeOnLoadAttributes (124ms)
				ProcessInitializeOnLoadMethodAttributes (6ms)
				AfterProcessingInitializeOnLoad (2ms)
				EditorAssembliesLoaded (0ms)
			ExecutionOrderSort2 (0ms)
			AwakeInstancesAfterBackupRestoration (4ms)
Platform modules already initialized, skipping
========================================================================
Worker process is ready to serve import requests
Launched and connected shader compiler UnityShaderCompiler.exe after 0.06 seconds
Refreshing native plugins compatible for Editor in 0.26 ms, found 2 plugins.
Preloading 0 native plugins for Editor in 0.00 ms.
Unloading 1502 Unused Serialized files (Serialized files now loaded: 0)
System memory in use before: 68.6 MB.
System memory in use after: 68.7 MB.

Unloading 19 unused Assets to reduce memory usage. Loaded Objects now: 1934.
Total: 1.694900 ms (FindLiveObjects: 0.082500 ms CreateObjectMapping: 0.027100 ms MarkObjects: 1.534000 ms  DeleteObjects: 0.050700 ms)

AssetImportParameters requested are different than current active one (requested -> active):
  custom:framework-win-MediaFoundation: 216162199b28c13a410421893ffa2e32 -> 
  custom:video-decoder-ogg-theora: a1e56fd34408186e4bbccfd4996cb3dc -> 
  custom:container-muxer-webm: aa71ff27fc2769a1b78a27578f13a17b -> 
  custom:container-demuxer-webm: 4f35f7cbe854078d1ac9338744f61a02 -> 
  custom:container-demuxer-ogg: 62fdf1f143b41e24485cea50d1cbac27 -> 
  custom:video-encoder-webm-vp8: eb34c28f22e8b96e1ab97ce403110664 -> 
  custom:video-decoder-webm-vp8: 9c59270c3fd7afecdb556c50c9e8de78 -> 
  custom:audio-decoder-ogg-vorbis: bf7c407c2cedff20999df2af8eb42d56 -> 
  custom:audio-encoder-webm-vorbis: bf7c407c2cedff20999df2af8eb42d56 -> 
========================================================================
Received Import Request.
  path: Assets/Building Blocks/Furniture Set/loungeSofaCorner.fbx
  artifactKey: Guid(4ad71f2976b27e34aa18cbe29ee4447f) Importer(815301076,1909f56bfc062723c751e8b465ee728b)
Start importing Assets/Building Blocks/Furniture Set/loungeSofaCorner.fbx using Guid(4ad71f2976b27e34aa18cbe29ee4447f) Importer(815301076,1909f56bfc062723c751e8b465ee728b)  -> (artifact id: '9439474ad48b66b1f5b20c1babf16844') in 0.216854 seconds 
  Import took 0.218656 seconds .

========================================================================
Received Import Request.
  Time since last request: 0.000177 seconds.
  path: Assets/Building Blocks/Furniture Set/tableCloth.fbx
  artifactKey: Guid(e82178382095a5d40bfd830f717169ae) Importer(815301076,1909f56bfc062723c751e8b465ee728b)
Start importing Assets/Building Blocks/Furniture Set/tableCloth.fbx using Guid(e82178382095a5d40bfd830f717169ae) Importer(815301076,1909f56bfc062723c751e8b465ee728b)  -> (artifact id: 'ce8b898c5425bdbba9d0e989e52f0253') in 0.017949 seconds 
  Import took 0.019759 seconds .

========================================================================
Received Import Request.
  Time since last request: 0.000126 seconds.
  path: Assets/Building Blocks/Furniture Set/bathroomSink.fbx
  artifactKey: Guid(cd04eccf44cb3bc40aa0cfdac8fe32d0) Importer(815301076,1909f56bfc062723c751e8b465ee728b)
Start importing Assets/Building Blocks/Furniture Set/bathroomSink.fbx using Guid(cd04eccf44cb3bc40aa0cfdac8fe32d0) Importer(815301076,1909f56bfc062723c751e8b465ee728b)  -> (artifact id: '6b690bdfdab845b08ff3cf77ee30d749') in 0.019384 seconds 
  Import took 0.021098 seconds .

========================================================================
Received Import Request.
  Time since last request: 0.000144 seconds.
  path: Assets/Building Blocks/Furniture Set/bookcaseClosed.fbx
  artifactKey: Guid(ab7aec93b513d9d4a94615189d0bec5d) Importer(815301076,1909f56bfc062723c751e8b465ee728b)
Start importing Assets/Building Blocks/Furniture Set/bookcaseClosed.fbx using Guid(ab7aec93b513d9d4a94615189d0bec5d) Importer(815301076,1909f56bfc062723c751e8b465ee728b)  -> (artifact id: 'e7d00fa4bdcd6709ffe60a566af4e2dd') in 0.014241 seconds 
  Import took 0.016097 seconds .

========================================================================
Received Import Request.
  Time since last request: 0.000177 seconds.
  path: Assets/Building Blocks/Furniture Set/coatRackStanding.fbx
  artifactKey: Guid(33a29ad58fb67454b90377c5ada862bd) Importer(815301076,1909f56bfc062723c751e8b465ee728b)
Start importing Assets/Building Blocks/Furniture Set/coatRackStanding.fbx using Guid(33a29ad58fb67454b90377c5ada862bd) Importer(815301076,1909f56bfc062723c751e8b465ee728b)  -> (artifact id: 'ecedfb73cc51074345aef05df1d9d5ce') in 0.014478 seconds 
  Import took 0.016202 seconds .

========================================================================
Received Import Request.
  Time since last request: 0.000157 seconds.
  path: Assets/Building Blocks/Furniture Set/doorway.fbx
  artifactKey: Guid(06e0a25bbf03ee548bf4a7068e7a3daf) Importer(815301076,1909f56bfc062723c751e8b465ee728b)
Start importing Assets/Building Blocks/Furniture Set/doorway.fbx using Guid(06e0a25bbf03ee548bf4a7068e7a3daf) Importer(815301076,1909f56bfc062723c751e8b465ee728b)  -> (artifact id: '0867f7229317cae1924196cd6f290a7e') in 0.022574 seconds 
  Import took 0.024314 seconds .

========================================================================
Received Import Request.
  Time since last request: 0.000095 seconds.
  path: Assets/Building Blocks/Furniture Set/tableRound.fbx
  artifactKey: Guid(5722af305ea3e7545bc7adc74c588e38) Importer(815301076,1909f56bfc062723c751e8b465ee728b)
Start importing Assets/Building Blocks/Furniture Set/tableRound.fbx using Guid(5722af305ea3e7545bc7adc74c588e38) Importer(815301076,1909f56bfc062723c751e8b465ee728b)  -> (artifact id: '9244ca31fd34674a79b983c2d61dd97a') in 0.014209 seconds 
  Import took 0.015943 seconds .

========================================================================
Received Import Request.
  Time since last request: 0.000159 seconds.
  path: Assets/Building Blocks/Furniture Set/televisionVintage.fbx
  artifactKey: Guid(53383cb87f1e74f43b29c5d76ca960df) Importer(815301076,1909f56bfc062723c751e8b465ee728b)
Start importing Assets/Building Blocks/Furniture Set/televisionVintage.fbx using Guid(53383cb87f1e74f43b29c5d76ca960df) Importer(815301076,1909f56bfc062723c751e8b465ee728b)  -> (artifact id: '9b243cde9c3f6de76f6c5a4c493f26d0') in 0.021900 seconds 
  Import took 0.023596 seconds .

========================================================================
Received Import Request.
  Time since last request: 0.000165 seconds.
  path: Assets/Building Blocks/Furniture Set/floorCorner.fbx
  artifactKey: Guid(9ae07f1ea1b2b994b8d1217ee862c45d) Importer(815301076,1909f56bfc062723c751e8b465ee728b)
Start importing Assets/Building Blocks/Furniture Set/floorCorner.fbx using Guid(9ae07f1ea1b2b994b8d1217ee862c45d) Importer(815301076,1909f56bfc062723c751e8b465ee728b)  -> (artifact id: '83442b522b3f846ea2bea08ef68fdbb2') in 0.013034 seconds 
  Import took 0.014716 seconds .

========================================================================
Received Import Request.
  Time since last request: 0.000126 seconds.
  path: Assets/Building Blocks/Furniture Set/bathroomSinkSquare.fbx
  artifactKey: Guid(f6f049c5cae0d24418fb70a88614938d) Importer(815301076,1909f56bfc062723c751e8b465ee728b)
Start importing Assets/Building Blocks/Furniture Set/bathroomSinkSquare.fbx using Guid(f6f049c5cae0d24418fb70a88614938d) Importer(815301076,1909f56bfc062723c751e8b465ee728b)  -> (artifact id: '462cf982afff3c061a675cc9be11ccd0') in 0.019159 seconds 
  Import took 0.020880 seconds .

========================================================================
Received Import Request.
  Time since last request: 0.000131 seconds.
  path: Assets/Building Blocks/Furniture Set/chairCushion.fbx
  artifactKey: Guid(a2642e59997d0fb47950f31160dbee39) Importer(815301076,1909f56bfc062723c751e8b465ee728b)
Start importing Assets/Building Blocks/Furniture Set/chairCushion.fbx using Guid(a2642e59997d0fb47950f31160dbee39) Importer(815301076,1909f56bfc062723c751e8b465ee728b)  -> (artifact id: 'dd588c85646c901a1440a138143c64a5') in 0.017618 seconds 
  Import took 0.019396 seconds .

========================================================================
Received Import Request.
  Time since last request: 0.000153 seconds.
  path: Assets/Building Blocks/Furniture Set/radio.fbx
  artifactKey: Guid(3690e5eac3cfc1a48938f2e9c0d90294) Importer(815301076,1909f56bfc062723c751e8b465ee728b)
Start importing Assets/Building Blocks/Furniture Set/radio.fbx using Guid(3690e5eac3cfc1a48938f2e9c0d90294) Importer(815301076,1909f56bfc062723c751e8b465ee728b)  -> (artifact id: 'f6e4d5d699909dfd69e07f6c557652b3') in 0.019390 seconds 
  Import took 0.021194 seconds .

========================================================================
Received Import Request.
  Time since last request: 0.000182 seconds.
  path: Assets/Building Blocks/Furniture Set/books.fbx
  artifactKey: Guid(5bc879724f05c8e4ebb3e4ce21dc85c4) Importer(815301076,1909f56bfc062723c751e8b465ee728b)
Start importing Assets/Building Blocks/Furniture Set/books.fbx using Guid(5bc879724f05c8e4ebb3e4ce21dc85c4) Importer(815301076,1909f56bfc062723c751e8b465ee728b)  -> (artifact id: '7b228b30eefaf5a18476f2542ea20ecc') in 0.022453 seconds 
  Import took 0.024379 seconds .

========================================================================
Received Import Request.
  Time since last request: 0.000194 seconds.
  path: Assets/Building Blocks/Furniture Set/stairsOpenSingle.fbx
  artifactKey: Guid(59600976cb0946a43bd2b1174baf1963) Importer(815301076,1909f56bfc062723c751e8b465ee728b)
Start importing Assets/Building Blocks/Furniture Set/stairsOpenSingle.fbx using Guid(59600976cb0946a43bd2b1174baf1963) Importer(815301076,1909f56bfc062723c751e8b465ee728b)  -> (artifact id: 'b32daeaa3908032e0e8d6b97a382f973') in 0.020529 seconds 
  Import took 0.022337 seconds .

========================================================================
Received Import Request.
  Time since last request: 0.000147 seconds.
  path: Assets/Building Blocks/Furniture Set/laptop.fbx
  artifactKey: Guid(a3ca2aa544f5e9248bb9fa951496c3d8) Importer(815301076,1909f56bfc062723c751e8b465ee728b)
Start importing Assets/Building Blocks/Furniture Set/laptop.fbx using Guid(a3ca2aa544f5e9248bb9fa951496c3d8) Importer(815301076,1909f56bfc062723c751e8b465ee728b)  -> (artifact id: '58d00d8cd3a2ae3f6db91c7faaf485dd') in 0.019288 seconds 
  Import took 0.020962 seconds .

========================================================================
Received Import Request.
  Time since last request: 0.000125 seconds.
  path: Assets/Building Blocks/Furniture Set/kitchenCabinetUpperLow.fbx
  artifactKey: Guid(7f2161fc0bedf864c9fc167f5b5f9680) Importer(815301076,1909f56bfc062723c751e8b465ee728b)
Start importing Assets/Building Blocks/Furniture Set/kitchenCabinetUpperLow.fbx using Guid(7f2161fc0bedf864c9fc167f5b5f9680) Importer(815301076,1909f56bfc062723c751e8b465ee728b)  -> (artifact id: '31601ca04c5b11673292debc8e4b3ef5') in 0.024427 seconds 
  Import took 0.026126 seconds .

========================================================================
Received Import Request.
  Time since last request: 0.000163 seconds.
  path: Assets/Building Blocks/Furniture Set/trashcan.fbx
  artifactKey: Guid(76f4d7d886927dd4abf99ccd9993ecd7) Importer(815301076,1909f56bfc062723c751e8b465ee728b)
Start importing Assets/Building Blocks/Furniture Set/trashcan.fbx using Guid(76f4d7d886927dd4abf99ccd9993ecd7) Importer(815301076,1909f56bfc062723c751e8b465ee728b)  -> (artifact id: '1d43b670f1c12150b46ba82f3b993ac6') in 0.016800 seconds 
  Import took 0.018526 seconds .

========================================================================
Received Import Request.
  Time since last request: 0.000173 seconds.
  path: Assets/Building Blocks/Furniture Set/doorwayFront.fbx
  artifactKey: Guid(c571234e6a42fb94d86367fc52f290c3) Importer(815301076,1909f56bfc062723c751e8b465ee728b)
Start importing Assets/Building Blocks/Furniture Set/doorwayFront.fbx using Guid(c571234e6a42fb94d86367fc52f290c3) Importer(815301076,1909f56bfc062723c751e8b465ee728b)  -> (artifact id: 'b52834823f3400930e781746cbd020ff') in 0.027290 seconds 
  Import took 0.029017 seconds .

========================================================================
Received Import Request.
  Time since last request: 0.000150 seconds.
  path: Assets/Building Blocks/Furniture Set/hoodModern.fbx
  artifactKey: Guid(707ec590e4ce4bb41abdc2dbefe996c4) Importer(815301076,1909f56bfc062723c751e8b465ee728b)
Start importing Assets/Building Blocks/Furniture Set/hoodModern.fbx using Guid(707ec590e4ce4bb41abdc2dbefe996c4) Importer(815301076,1909f56bfc062723c751e8b465ee728b)  -> (artifact id: '315539c882ebf2284f21b25733a25700') in 0.016505 seconds 
  Import took 0.018196 seconds .

========================================================================
Received Import Request.
  Time since last request: 0.000193 seconds.
  path: Assets/Building Blocks/Furniture Set/rugRound.fbx
  artifactKey: Guid(25b826c5614b4f84ab3886ff5de8dd8e) Importer(815301076,1909f56bfc062723c751e8b465ee728b)
Start importing Assets/Building Blocks/Furniture Set/rugRound.fbx using Guid(25b826c5614b4f84ab3886ff5de8dd8e) Importer(815301076,1909f56bfc062723c751e8b465ee728b)  -> (artifact id: '7ee85771e1e1b3f302c6dda5fc8d0237') in 0.016150 seconds 
  Import took 0.017876 seconds .

========================================================================
Received Import Request.
  Time since last request: 0.000166 seconds.
  path: Assets/Building Blocks/Furniture Set/plantSmall3.fbx
  artifactKey: Guid(e1bceb818b72dd44d856fef04ab60518) Importer(815301076,1909f56bfc062723c751e8b465ee728b)
Start importing Assets/Building Blocks/Furniture Set/plantSmall3.fbx using Guid(e1bceb818b72dd44d856fef04ab60518) Importer(815301076,1909f56bfc062723c751e8b465ee728b)  -> (artifact id: '2157cad8612362d3f0c5fd652fe7d166') in 0.018157 seconds 
  Import took 0.019927 seconds .

========================================================================
Received Import Request.
  Time since last request: 0.000198 seconds.
  path: Assets/Building Blocks/Furniture Set/tableCoffeeSquare.fbx
  artifactKey: Guid(5b79df5368bc77846ac317178f63adcb) Importer(815301076,1909f56bfc062723c751e8b465ee728b)
Start importing Assets/Building Blocks/Furniture Set/tableCoffeeSquare.fbx using Guid(5b79df5368bc77846ac317178f63adcb) Importer(815301076,1909f56bfc062723c751e8b465ee728b)  -> (artifact id: '09e815d83b4b99f55647cfd8897242ac') in 0.014428 seconds 
  Import took 0.016234 seconds .

========================================================================
Received Import Request.
  Time since last request: 0.000216 seconds.
  path: Assets/Building Blocks/Furniture Set/rugRectangle.fbx
  artifactKey: Guid(731a26614027650468c989bfdca0f2d3) Importer(815301076,1909f56bfc062723c751e8b465ee728b)
Start importing Assets/Building Blocks/Furniture Set/rugRectangle.fbx using Guid(731a26614027650468c989bfdca0f2d3) Importer(815301076,1909f56bfc062723c751e8b465ee728b)  -> (artifact id: 'ed3f4b0a99e2fb98d903a3a9761f18b4') in 0.018940 seconds 
  Import took 0.020791 seconds .

========================================================================
Received Import Request.
  Time since last request: 0.000150 seconds.
  path: Assets/Building Blocks/Furniture Set/lampRoundTable.fbx
  artifactKey: Guid(fa94705b2d7cf9a47975cd11d7319c34) Importer(815301076,1909f56bfc062723c751e8b465ee728b)
Start importing Assets/Building Blocks/Furniture Set/lampRoundTable.fbx using Guid(fa94705b2d7cf9a47975cd11d7319c34) Importer(815301076,1909f56bfc062723c751e8b465ee728b)  -> (artifact id: '6bc4c558db6f59c225c0a506fbbc1ec1') in 0.018395 seconds 
  Import took 0.020170 seconds .

========================================================================
Received Import Request.
  Time since last request: 0.000140 seconds.
  path: Assets/Building Blocks/Furniture Set/benchCushion.fbx
  artifactKey: Guid(3ab1427633abc6940ac9ca0910738f9f) Importer(815301076,1909f56bfc062723c751e8b465ee728b)
Start importing Assets/Building Blocks/Furniture Set/benchCushion.fbx using Guid(3ab1427633abc6940ac9ca0910738f9f) Importer(815301076,1909f56bfc062723c751e8b465ee728b)  -> (artifact id: '76b07e68355ef5fe60126de98eb188c0') in 0.017531 seconds 
  Import took 0.019278 seconds .

========================================================================
Received Import Request.
  Time since last request: 0.000192 seconds.
  path: Assets/Building Blocks/Furniture Set/cabinetTelevision.fbx
  artifactKey: Guid(7129421c5fb773c4b8fa1011c1406fd2) Importer(815301076,1909f56bfc062723c751e8b465ee728b)
Start importing Assets/Building Blocks/Furniture Set/cabinetTelevision.fbx using Guid(7129421c5fb773c4b8fa1011c1406fd2) Importer(815301076,1909f56bfc062723c751e8b465ee728b)  -> (artifact id: '213211ed1a49f984f6232cea5094f364') in 0.015201 seconds 
  Import took 0.016937 seconds .

========================================================================
Received Import Request.
  Time since last request: 0.000180 seconds.
  path: Assets/Building Blocks/Furniture Set/kitchenMicrowave.fbx
  artifactKey: Guid(51b60e28da289e141b0da75f0621262d) Importer(815301076,1909f56bfc062723c751e8b465ee728b)
Start importing Assets/Building Blocks/Furniture Set/kitchenMicrowave.fbx using Guid(51b60e28da289e141b0da75f0621262d) Importer(815301076,1909f56bfc062723c751e8b465ee728b)  -> (artifact id: '2a71624a17ae3e8df10b9c4ee151b86d') in 0.024610 seconds 
  Import took 0.026498 seconds .

========================================================================
Received Import Request.
  Time since last request: 0.000191 seconds.
  path: Assets/Building Blocks/Furniture Set/kitchenCabinetDrawer.fbx
  artifactKey: Guid(e124dbf2b8990a34ab8eccfef6fa062d) Importer(815301076,1909f56bfc062723c751e8b465ee728b)
Start importing Assets/Building Blocks/Furniture Set/kitchenCabinetDrawer.fbx using Guid(e124dbf2b8990a34ab8eccfef6fa062d) Importer(815301076,1909f56bfc062723c751e8b465ee728b)  -> (artifact id: '259345628421169e650d5f6d87eda91c') in 0.026861 seconds 
  Import took 0.028624 seconds .

========================================================================
Received Import Request.
  Time since last request: 0.000150 seconds.
  path: Assets/Building Blocks/Furniture Set/wall.fbx
  artifactKey: Guid(8096d6904ee9a7f4c9c552492cd05ac1) Importer(815301076,1909f56bfc062723c751e8b465ee728b)
Start importing Assets/Building Blocks/Furniture Set/wall.fbx using Guid(8096d6904ee9a7f4c9c552492cd05ac1) Importer(815301076,1909f56bfc062723c751e8b465ee728b)  -> (artifact id: '05f8a584fa76d3582284e512cd1f7583') in 0.019192 seconds 
  Import took 0.020917 seconds .

========================================================================
Received Import Request.
  Time since last request: 0.000158 seconds.
  path: Assets/Building Blocks/Furniture Set/lampSquareFloor.fbx
  artifactKey: Guid(e6ad922bbdd2eff4ebbadfe13f2343cf) Importer(815301076,1909f56bfc062723c751e8b465ee728b)
Start importing Assets/Building Blocks/Furniture Set/lampSquareFloor.fbx using Guid(e6ad922bbdd2eff4ebbadfe13f2343cf) Importer(815301076,1909f56bfc062723c751e8b465ee728b)  -> (artifact id: '3c1b7d03441ba20127f934a973f158cb') in 0.016976 seconds 
  Import took 0.018800 seconds .

========================================================================
Received Import Request.
  Time since last request: 0.000234 seconds.
  path: Assets/Building Blocks/Furniture Set/toilet.fbx
  artifactKey: Guid(5b6f3cbb5a63eab4b80cc8cb5ae89d1b) Importer(815301076,1909f56bfc062723c751e8b465ee728b)
Start importing Assets/Building Blocks/Furniture Set/toilet.fbx using Guid(5b6f3cbb5a63eab4b80cc8cb5ae89d1b) Importer(815301076,1909f56bfc062723c751e8b465ee728b)  -> (artifact id: 'd11c104c238692c2a885c290d864fa3e') in 0.023650 seconds 
  Import took 0.025361 seconds .

========================================================================
Received Import Request.
  Time since last request: 0.000184 seconds.
  path: Assets/Building Blocks/Furniture Set/toiletSquare.fbx
  artifactKey: Guid(f2e42f39055b9c44eba7f4d4d0e41a7a) Importer(815301076,1909f56bfc062723c751e8b465ee728b)
Start importing Assets/Building Blocks/Furniture Set/toiletSquare.fbx using Guid(f2e42f39055b9c44eba7f4d4d0e41a7a) Importer(815301076,1909f56bfc062723c751e8b465ee728b)  -> (artifact id: '5a7ed48c69b65af34c75cfcb2bfc9afc') in 0.019266 seconds 
  Import took 0.021000 seconds .

========================================================================
Received Import Request.
  Time since last request: 0.000177 seconds.
  path: Assets/Building Blocks/Furniture Set/kitchenCabinetUpperDouble.fbx
  artifactKey: Guid(7839608076935ee4e902dcdee485b6a7) Importer(815301076,1909f56bfc062723c751e8b465ee728b)
Start importing Assets/Building Blocks/Furniture Set/kitchenCabinetUpperDouble.fbx using Guid(7839608076935ee4e902dcdee485b6a7) Importer(815301076,1909f56bfc062723c751e8b465ee728b)  -> (artifact id: 'a96bc35f78436b0a9b199f1345f8239a') in 0.024112 seconds 
  Import took 0.025838 seconds .

========================================================================
Received Import Request.
  Time since last request: 0.000147 seconds.
  path: Assets/Building Blocks/Furniture Set/wallWindowSlide.fbx
  artifactKey: Guid(4e23811b55f950543b623393ac866600) Importer(815301076,1909f56bfc062723c751e8b465ee728b)
Start importing Assets/Building Blocks/Furniture Set/wallWindowSlide.fbx using Guid(4e23811b55f950543b623393ac866600) Importer(815301076,1909f56bfc062723c751e8b465ee728b)  -> (artifact id: '4b7a87fb5867948e9c13d0fd9e60efc6') in 0.027991 seconds 
  Import took 0.029702 seconds .

========================================================================
Received Import Request.
  Time since last request: 0.000211 seconds.
  path: Assets/Building Blocks/Furniture Set/bookcaseClosedDoors.fbx
  artifactKey: Guid(9e796bfc796baa049912707bc0bbdd20) Importer(815301076,1909f56bfc062723c751e8b465ee728b)
Start importing Assets/Building Blocks/Furniture Set/bookcaseClosedDoors.fbx using Guid(9e796bfc796baa049912707bc0bbdd20) Importer(815301076,1909f56bfc062723c751e8b465ee728b)  -> (artifact id: 'ce65fc6bb0e22c7cd0b38160a6b0e199') in 0.024051 seconds 
  Import took 0.025750 seconds .

========================================================================
Received Import Request.
  Time since last request: 0.000165 seconds.
  path: Assets/Building Blocks/Furniture Set/computerKeyboard.fbx
  artifactKey: Guid(142774252b2c39a40884cb1f46567739) Importer(815301076,1909f56bfc062723c751e8b465ee728b)
Start importing Assets/Building Blocks/Furniture Set/computerKeyboard.fbx using Guid(142774252b2c39a40884cb1f46567739) Importer(815301076,1909f56bfc062723c751e8b465ee728b)  -> (artifact id: '791f872db31a1b77d7db5200cae82526') in 0.015472 seconds 
  Import took 0.017254 seconds .

========================================================================
Received Import Request.
  Time since last request: 0.000162 seconds.
  path: Assets/Building Blocks/Furniture Set/kitchenBar.fbx
  artifactKey: Guid(15cd54a5f91279e4a8c11e81b4f8d124) Importer(815301076,1909f56bfc062723c751e8b465ee728b)
Start importing Assets/Building Blocks/Furniture Set/kitchenBar.fbx using Guid(15cd54a5f91279e4a8c11e81b4f8d124) Importer(815301076,1909f56bfc062723c751e8b465ee728b)  -> (artifact id: 'f020721fd095e54009006a7284e67482') in 0.019962 seconds 
  Import took 0.021678 seconds .

========================================================================
Received Import Request.
  Time since last request: 0.000198 seconds.
  path: Assets/Building Blocks/Furniture Set/wallCorner.fbx
  artifactKey: Guid(e4600f60c99886b45b21d43e008e72c1) Importer(815301076,1909f56bfc062723c751e8b465ee728b)
Start importing Assets/Building Blocks/Furniture Set/wallCorner.fbx using Guid(e4600f60c99886b45b21d43e008e72c1) Importer(815301076,1909f56bfc062723c751e8b465ee728b)  -> (artifact id: '1b94ecfeda1462e1c23c7be970d5f5b9') in 0.017828 seconds 
  Import took 0.020015 seconds .

========================================================================
Received Import Request.
  Time since last request: 0.000163 seconds.
  path: Assets/Building Blocks/Furniture Set/washerDryerStacked.fbx
  artifactKey: Guid(f405d0e5763a64f429e65d52553368ff) Importer(815301076,1909f56bfc062723c751e8b465ee728b)
Start importing Assets/Building Blocks/Furniture Set/washerDryerStacked.fbx using Guid(f405d0e5763a64f429e65d52553368ff) Importer(815301076,1909f56bfc062723c751e8b465ee728b)  -> (artifact id: '585dbcfb13304c4a0269805541b9aac3') in 0.033191 seconds 
  Import took 0.034933 seconds .

========================================================================
Received Import Request.
  Time since last request: 0.000111 seconds.
  path: Assets/Building Blocks/Furniture Set/cabinetBedDrawer.fbx
  artifactKey: Guid(91793b65a4356344081b09d493524bb4) Importer(815301076,1909f56bfc062723c751e8b465ee728b)
Start importing Assets/Building Blocks/Furniture Set/cabinetBedDrawer.fbx using Guid(91793b65a4356344081b09d493524bb4) Importer(815301076,1909f56bfc062723c751e8b465ee728b)  -> (artifact id: '2f0b8f827fdb0521454e5c8899e45ea6') in 0.028219 seconds 
  Import took 0.029944 seconds .

========================================================================
Received Import Request.
  Time since last request: 0.000170 seconds.
  path: Assets/Building Blocks/Furniture Set/chair.fbx
  artifactKey: Guid(488e797575688c94ba812550fef40815) Importer(815301076,1909f56bfc062723c751e8b465ee728b)
Start importing Assets/Building Blocks/Furniture Set/chair.fbx using Guid(488e797575688c94ba812550fef40815) Importer(815301076,1909f56bfc062723c751e8b465ee728b)  -> (artifact id: '704ad732271deec239d5fb68ca11b7e2') in 0.012882 seconds 
  Import took 0.014585 seconds .

========================================================================
Received Import Request.
  Time since last request: 0.000127 seconds.
  path: Assets/Building Blocks/Furniture Set/paneling.fbx
  artifactKey: Guid(79f01821ca76e5940be2fb9f15e8ff16) Importer(815301076,1909f56bfc062723c751e8b465ee728b)
Start importing Assets/Building Blocks/Furniture Set/paneling.fbx using Guid(79f01821ca76e5940be2fb9f15e8ff16) Importer(815301076,1909f56bfc062723c751e8b465ee728b)  -> (artifact id: '1f7cd39c73b2685da1107abe83836b0d') in 0.012438 seconds 
  Import took 0.014109 seconds .

========================================================================
Received Import Request.
  Time since last request: 0.000149 seconds.
  path: Assets/Building Blocks/Furniture Set/bear.fbx
  artifactKey: Guid(45a3341c244f00a4ba9d9adfed432d35) Importer(815301076,1909f56bfc062723c751e8b465ee728b)
Start importing Assets/Building Blocks/Furniture Set/bear.fbx using Guid(45a3341c244f00a4ba9d9adfed432d35) Importer(815301076,1909f56bfc062723c751e8b465ee728b)  -> (artifact id: '2f1d6938b2df5e2f4dd7ec32f62f31b7') in 0.018169 seconds 
  Import took 0.019888 seconds .

========================================================================
Received Import Request.
  Time since last request: 0.000152 seconds.
  path: Assets/Building Blocks/Furniture Set/kitchenStove.fbx
  artifactKey: Guid(f2b8daca64de8fc4f9e7ee392cc65ee1) Importer(815301076,1909f56bfc062723c751e8b465ee728b)
Start importing Assets/Building Blocks/Furniture Set/kitchenStove.fbx using Guid(f2b8daca64de8fc4f9e7ee392cc65ee1) Importer(815301076,1909f56bfc062723c751e8b465ee728b)  -> (artifact id: '9ae84de74de60ee905665e77a7d0cfb3') in 0.025818 seconds 
  Import took 0.027570 seconds .

========================================================================
Received Import Request.
  Time since last request: 0.000141 seconds.
  path: Assets/Building Blocks/Furniture Set/cardboardBoxOpen.fbx
  artifactKey: Guid(645674ed1bc91bb4ca5875549c0e5d50) Importer(815301076,1909f56bfc062723c751e8b465ee728b)
Start importing Assets/Building Blocks/Furniture Set/cardboardBoxOpen.fbx using Guid(645674ed1bc91bb4ca5875549c0e5d50) Importer(815301076,1909f56bfc062723c751e8b465ee728b)  -> (artifact id: 'b703406a4a8c096d8c051aae802c9161') in 0.015866 seconds 
  Import took 0.017535 seconds .

========================================================================
Received Import Request.
  Time since last request: 0.000157 seconds.
  path: Assets/Building Blocks/Furniture Set/speaker.fbx
  artifactKey: Guid(b298452a18d1fc747af10c70e1451333) Importer(815301076,1909f56bfc062723c751e8b465ee728b)
Start importing Assets/Building Blocks/Furniture Set/speaker.fbx using Guid(b298452a18d1fc747af10c70e1451333) Importer(815301076,1909f56bfc062723c751e8b465ee728b)  -> (artifact id: '95604d46ee75d599916a642cdb2f2f9a') in 0.015864 seconds 
  Import took 0.017586 seconds .

========================================================================
Received Import Request.
  Time since last request: 0.000146 seconds.
  path: Assets/Building Blocks/Furniture Set/stoolBarSquare.fbx
  artifactKey: Guid(d2db45ab0644cf94695674c4a6b831be) Importer(815301076,1909f56bfc062723c751e8b465ee728b)
Start importing Assets/Building Blocks/Furniture Set/stoolBarSquare.fbx using Guid(d2db45ab0644cf94695674c4a6b831be) Importer(815301076,1909f56bfc062723c751e8b465ee728b)  -> (artifact id: '983ba72e5f549f2019c04aa09c888c77') in 0.015086 seconds 
  Import took 0.016807 seconds .

========================================================================
Received Import Request.
  Time since last request: 0.000146 seconds.
  path: Assets/Building Blocks/Furniture Set/kitchenCabinetCornerInner.fbx
  artifactKey: Guid(e7ca96146d615b44b9654bfb77400935) Importer(815301076,1909f56bfc062723c751e8b465ee728b)
Start importing Assets/Building Blocks/Furniture Set/kitchenCabinetCornerInner.fbx using Guid(e7ca96146d615b44b9654bfb77400935) Importer(815301076,1909f56bfc062723c751e8b465ee728b)  -> (artifact id: '95ef59466366a1b82bd03d5fe90b0fbd') in 0.015281 seconds 
  Import took 0.016967 seconds .

========================================================================
Received Import Request.
  Time since last request: 0.000157 seconds.
  path: Assets/Building Blocks/Furniture Set/televisionAntenna.fbx
  artifactKey: Guid(57e3c009950ef8c4fb899d2c7d46fb8e) Importer(815301076,1909f56bfc062723c751e8b465ee728b)
Start importing Assets/Building Blocks/Furniture Set/televisionAntenna.fbx using Guid(57e3c009950ef8c4fb899d2c7d46fb8e) Importer(815301076,1909f56bfc062723c751e8b465ee728b)  -> (artifact id: '0f06771ebd15337fd4b6bd5af49f397d') in 0.013028 seconds 
  Import took 0.014715 seconds .

========================================================================
Received Import Request.
  Time since last request: 0.000189 seconds.
  path: Assets/Building Blocks/Furniture Set/kitchenSink.fbx
  artifactKey: Guid(7b670c3e247cd2541a8532feb7f604a2) Importer(815301076,1909f56bfc062723c751e8b465ee728b)
Start importing Assets/Building Blocks/Furniture Set/kitchenSink.fbx using Guid(7b670c3e247cd2541a8532feb7f604a2) Importer(815301076,1909f56bfc062723c751e8b465ee728b)  -> (artifact id: '1a91f6097c5bf1fecc5f63019380dd1b') in 0.028140 seconds 
  Import took 0.029925 seconds .

========================================================================
Received Import Request.
  Time since last request: 0.000147 seconds.
  path: Assets/Building Blocks/Furniture Set/chairModernFrameCushion.fbx
  artifactKey: Guid(3901992a6615d1547b7406c62814bbe1) Importer(815301076,1909f56bfc062723c751e8b465ee728b)
Start importing Assets/Building Blocks/Furniture Set/chairModernFrameCushion.fbx using Guid(3901992a6615d1547b7406c62814bbe1) Importer(815301076,1909f56bfc062723c751e8b465ee728b)  -> (artifact id: 'aa735bc1c80b966df787d3a1b29fe295') in 0.015522 seconds 
  Import took 0.017171 seconds .

========================================================================
Received Import Request.
  Time since last request: 0.000145 seconds.
  path: Assets/Building Blocks/Furniture Set/kitchenBarEnd.fbx
  artifactKey: Guid(ac7bd669b1dd8bc4586db9c444344ba8) Importer(815301076,1909f56bfc062723c751e8b465ee728b)
Start importing Assets/Building Blocks/Furniture Set/kitchenBarEnd.fbx using Guid(ac7bd669b1dd8bc4586db9c444344ba8) Importer(815301076,1909f56bfc062723c751e8b465ee728b)  -> (artifact id: '54bc639f2a80fd7d01352aa7f065e45d') in 0.054806 seconds 
  Import took 0.056680 seconds .

========================================================================
Received Import Request.
  Time since last request: 0.000232 seconds.
  path: Assets/Building Blocks/Furniture Set/floorCornerRound.fbx
  artifactKey: Guid(d23e216c9bf5971459dc63c408eba735) Importer(815301076,1909f56bfc062723c751e8b465ee728b)
Start importing Assets/Building Blocks/Furniture Set/floorCornerRound.fbx using Guid(d23e216c9bf5971459dc63c408eba735) Importer(815301076,1909f56bfc062723c751e8b465ee728b)  -> (artifact id: 'e2d5dbda1d0d8dfb81be2d7c746982a4') in 0.013077 seconds 
  Import took 0.014850 seconds .

========================================================================
Received Import Request.
  Time since last request: 0.000148 seconds.
  path: Assets/Building Blocks/Furniture Set/ceilingFan.fbx
  artifactKey: Guid(43e1e889968aa2348896e7dbb0870dde) Importer(815301076,1909f56bfc062723c751e8b465ee728b)
Start importing Assets/Building Blocks/Furniture Set/ceilingFan.fbx using Guid(43e1e889968aa2348896e7dbb0870dde) Importer(815301076,1909f56bfc062723c751e8b465ee728b)  -> (artifact id: 'c512fcc2dda1ca611fdc340ca3ac670f') in 0.018489 seconds 
  Import took 0.020220 seconds .

========================================================================
Received Import Request.
  Time since last request: 0.000175 seconds.
  path: Assets/Building Blocks/Furniture Set/lampSquareTable.fbx
  artifactKey: Guid(1e3a61f127b4aa24185f8be32db47604) Importer(815301076,1909f56bfc062723c751e8b465ee728b)
Start importing Assets/Building Blocks/Furniture Set/lampSquareTable.fbx using Guid(1e3a61f127b4aa24185f8be32db47604) Importer(815301076,1909f56bfc062723c751e8b465ee728b)  -> (artifact id: '7f680f8d0f73616421327269370c6d1f') in 0.016844 seconds 
  Import took 0.018617 seconds .

========================================================================
Received Import Request.
  Time since last request: 0.000200 seconds.
  path: Assets/Building Blocks/Furniture Set/loungeSofaLong.fbx
  artifactKey: Guid(e1eb2067256eb274aaeff9652a26e44c) Importer(815301076,1909f56bfc062723c751e8b465ee728b)
Start importing Assets/Building Blocks/Furniture Set/loungeSofaLong.fbx using Guid(e1eb2067256eb274aaeff9652a26e44c) Importer(815301076,1909f56bfc062723c751e8b465ee728b)  -> (artifact id: '3060970451fc48112c5ea4e311c3a85f') in 0.015577 seconds 
  Import took 0.017250 seconds .

========================================================================
Received Import Request.
  Time since last request: 0.000135 seconds.
  path: Assets/Building Blocks/Furniture Set/rugRounded.fbx
  artifactKey: Guid(2ec23fb22fb026246a80208197c29f41) Importer(815301076,1909f56bfc062723c751e8b465ee728b)
Start importing Assets/Building Blocks/Furniture Set/rugRounded.fbx using Guid(2ec23fb22fb026246a80208197c29f41) Importer(815301076,1909f56bfc062723c751e8b465ee728b)  -> (artifact id: '961dd5c49d4662f000935b5bc1483031') in 0.014675 seconds 
  Import took 0.016571 seconds .

========================================================================
Received Import Request.
  Time since last request: 0.000167 seconds.
  path: Assets/Building Blocks/Furniture Set/desk.fbx
  artifactKey: Guid(371d741a91ba0b24992243069d9911d3) Importer(815301076,1909f56bfc062723c751e8b465ee728b)
Start importing Assets/Building Blocks/Furniture Set/desk.fbx using Guid(371d741a91ba0b24992243069d9911d3) Importer(815301076,1909f56bfc062723c751e8b465ee728b)  -> (artifact id: '99fabd9fd0814428da4b3e0b02a8a44d') in 0.020004 seconds 
  Import took 0.021850 seconds .

========================================================================
Received Import Request.
  Time since last request: 0.000160 seconds.
  path: Assets/Building Blocks/Furniture Set/loungeChairRelax.fbx
  artifactKey: Guid(23fdf046862c93948b9a9f0aede9f5df) Importer(815301076,1909f56bfc062723c751e8b465ee728b)
Start importing Assets/Building Blocks/Furniture Set/loungeChairRelax.fbx using Guid(23fdf046862c93948b9a9f0aede9f5df) Importer(815301076,1909f56bfc062723c751e8b465ee728b)  -> (artifact id: 'e23ebd0ce63a7fe686961b52c5f441bb') in 0.018376 seconds 
  Import took 0.020137 seconds .

========================================================================
Received Import Request.
  Time since last request: 0.000246 seconds.
  path: Assets/Building Blocks/Furniture Set/plantSmall2.fbx
  artifactKey: Guid(c7d175d9ec1d3a9438cd802a04b8d929) Importer(815301076,1909f56bfc062723c751e8b465ee728b)
Start importing Assets/Building Blocks/Furniture Set/plantSmall2.fbx using Guid(c7d175d9ec1d3a9438cd802a04b8d929) Importer(815301076,1909f56bfc062723c751e8b465ee728b)  -> (artifact id: 'c47cacc47c92eae621888ac5993c5689') in 0.015747 seconds 
  Import took 0.017526 seconds .

========================================================================
Received Import Request.
  Time since last request: 0.000178 seconds.
  path: Assets/Building Blocks/Furniture Set/tableCrossCloth.fbx
  artifactKey: Guid(8408a354786d8d946b3e4e145e7f24b7) Importer(815301076,1909f56bfc062723c751e8b465ee728b)
Start importing Assets/Building Blocks/Furniture Set/tableCrossCloth.fbx using Guid(8408a354786d8d946b3e4e145e7f24b7) Importer(815301076,1909f56bfc062723c751e8b465ee728b)  -> (artifact id: '37fe59cf36ad140afba759e276fee62f') in 0.015969 seconds 
  Import took 0.017815 seconds .

========================================================================
Received Import Request.
  Time since last request: 0.000136 seconds.
  path: Assets/Building Blocks/Furniture Set/chairModernCushion.fbx
  artifactKey: Guid(ae1fdf2fa02c96843b4e08f8b530b02a) Importer(815301076,1909f56bfc062723c751e8b465ee728b)
Start importing Assets/Building Blocks/Furniture Set/chairModernCushion.fbx using Guid(ae1fdf2fa02c96843b4e08f8b530b02a) Importer(815301076,1909f56bfc062723c751e8b465ee728b)  -> (artifact id: '43d0ee2bdb3ce00f3ab6b162507def03') in 0.014724 seconds 
  Import took 0.016460 seconds .

========================================================================
Received Import Request.
  Time since last request: 0.000142 seconds.
  path: Assets/Building Blocks/Furniture Set/bookcaseOpenLow.fbx
  artifactKey: Guid(c25d428e6dca30b4f942d2ce7369c705) Importer(815301076,1909f56bfc062723c751e8b465ee728b)
Start importing Assets/Building Blocks/Furniture Set/bookcaseOpenLow.fbx using Guid(c25d428e6dca30b4f942d2ce7369c705) Importer(815301076,1909f56bfc062723c751e8b465ee728b)  -> (artifact id: '836400f6fbb60361a89cbdc6d8686ade') in 0.012934 seconds 
  Import took 0.014616 seconds .

========================================================================
Received Import Request.
  Time since last request: 0.000170 seconds.
  path: Assets/Building Blocks/Furniture Set/wallDoorway.fbx
  artifactKey: Guid(cbcd8bfd8482d844caaa38185e017706) Importer(815301076,1909f56bfc062723c751e8b465ee728b)
Start importing Assets/Building Blocks/Furniture Set/wallDoorway.fbx using Guid(cbcd8bfd8482d844caaa38185e017706) Importer(815301076,1909f56bfc062723c751e8b465ee728b)  -> (artifact id: '382671ca1730a5cfe00e508bded7d2fa') in 0.081167 seconds 
  Import took 0.083084 seconds .

========================================================================
Received Import Request.
  Time since last request: 0.000235 seconds.
  path: Assets/Building Blocks/Furniture Set/rugSquare.fbx
  artifactKey: Guid(8db5f0b386936aa498a52925f40143ce) Importer(815301076,1909f56bfc062723c751e8b465ee728b)
Start importing Assets/Building Blocks/Furniture Set/rugSquare.fbx using Guid(8db5f0b386936aa498a52925f40143ce) Importer(815301076,1909f56bfc062723c751e8b465ee728b)  -> (artifact id: '41ca4f2d9297763131c6e60677450540') in 0.018216 seconds 
  Import took 0.020054 seconds .

========================================================================
Received Import Request.
  Time since last request: 0.000122 seconds.
  path: Assets/Building Blocks/Furniture Set/kitchenCabinet.fbx
  artifactKey: Guid(583d9ada648ee1c4381295dc12afdbbf) Importer(815301076,1909f56bfc062723c751e8b465ee728b)
Start importing Assets/Building Blocks/Furniture Set/kitchenCabinet.fbx using Guid(583d9ada648ee1c4381295dc12afdbbf) Importer(815301076,1909f56bfc062723c751e8b465ee728b)  -> (artifact id: 'd42defc635d36d500e1a95a42efecb4f') in 0.021988 seconds 
  Import took 0.023773 seconds .

========================================================================
Received Import Request.
  Time since last request: 0.000125 seconds.
  path: Assets/Building Blocks/Furniture Set/pillowBlueLong.fbx
  artifactKey: Guid(5412021399112a64f84f41c2725731cb) Importer(815301076,1909f56bfc062723c751e8b465ee728b)
Start importing Assets/Building Blocks/Furniture Set/pillowBlueLong.fbx using Guid(5412021399112a64f84f41c2725731cb) Importer(815301076,1909f56bfc062723c751e8b465ee728b)  -> (artifact id: 'e21dae6e4cda06ef57030e2be7b63185') in 0.012856 seconds 
  Import took 0.014786 seconds .

========================================================================
Received Import Request.
  Time since last request: 0.000124 seconds.
  path: Assets/Building Blocks/Furniture Set/bedDouble.fbx
  artifactKey: Guid(26cb2ae1b85271f4aadd6444e43bc45e) Importer(815301076,1909f56bfc062723c751e8b465ee728b)
Start importing Assets/Building Blocks/Furniture Set/bedDouble.fbx using Guid(26cb2ae1b85271f4aadd6444e43bc45e) Importer(815301076,1909f56bfc062723c751e8b465ee728b)  -> (artifact id: 'd3d27a92670d65d2530a6d51ac99a625') in 0.029968 seconds 
  Import took 0.031769 seconds .

========================================================================
Received Import Request.
  Time since last request: 0.000132 seconds.
  path: Assets/Building Blocks/Furniture Set/plantSmall1.fbx
  artifactKey: Guid(5f58a3f28a9409b4481fc121368452e9) Importer(815301076,1909f56bfc062723c751e8b465ee728b)
Start importing Assets/Building Blocks/Furniture Set/plantSmall1.fbx using Guid(5f58a3f28a9409b4481fc121368452e9) Importer(815301076,1909f56bfc062723c751e8b465ee728b)  -> (artifact id: '5507cb81e51d39f8491861f8d0436a32') in 0.016753 seconds 
  Import took 0.018443 seconds .

========================================================================
Received Import Request.
  Time since last request: 0.000162 seconds.
  path: Assets/Building Blocks/Furniture Set/pillowLong.fbx
  artifactKey: Guid(5da0ff2d77a0a5d46b95df98bd1d9e2e) Importer(815301076,1909f56bfc062723c751e8b465ee728b)
Start importing Assets/Building Blocks/Furniture Set/pillowLong.fbx using Guid(5da0ff2d77a0a5d46b95df98bd1d9e2e) Importer(815301076,1909f56bfc062723c751e8b465ee728b)  -> (artifact id: '871258d8856c3ddf92048ad77d8f7fe9') in 0.012930 seconds 
  Import took 0.014646 seconds .

========================================================================
Received Import Request.
  Time since last request: 0.000146 seconds.
  path: Assets/Building Blocks/Furniture Set/stoolBar.fbx
  artifactKey: Guid(76f9c2078287eea4f8576b0d0caf9781) Importer(815301076,1909f56bfc062723c751e8b465ee728b)
Start importing Assets/Building Blocks/Furniture Set/stoolBar.fbx using Guid(76f9c2078287eea4f8576b0d0caf9781) Importer(815301076,1909f56bfc062723c751e8b465ee728b)  -> (artifact id: '5f44962b5fe1bf619811780ba82e8df6') in 0.016420 seconds 
  Import took 0.018114 seconds .

========================================================================
Received Import Request.
  Time since last request: 0.000169 seconds.
  path: Assets/Building Blocks/Furniture Set/shower.fbx
  artifactKey: Guid(1a872576ae0e5734781aaff6e88c7625) Importer(815301076,1909f56bfc062723c751e8b465ee728b)
Start importing Assets/Building Blocks/Furniture Set/shower.fbx using Guid(1a872576ae0e5734781aaff6e88c7625) Importer(815301076,1909f56bfc062723c751e8b465ee728b)  -> (artifact id: 'c603dc36eff30da85aa1a22f7c161411') in 0.028445 seconds 
  Import took 0.030188 seconds .

========================================================================
Received Import Request.
  Time since last request: 0.000160 seconds.
  path: Assets/Building Blocks/Furniture Set/loungeDesignSofa.fbx
  artifactKey: Guid(621aa599e6a67894dbc30be149ced992) Importer(815301076,1909f56bfc062723c751e8b465ee728b)
Start importing Assets/Building Blocks/Furniture Set/loungeDesignSofa.fbx using Guid(621aa599e6a67894dbc30be149ced992) Importer(815301076,1909f56bfc062723c751e8b465ee728b)  -> (artifact id: '5ea67b6b8be4c9108d8b55e869faad13') in 0.015657 seconds 
  Import took 0.017376 seconds .

========================================================================
Received Import Request.
  Time since last request: 0.000159 seconds.
  path: Assets/Building Blocks/Furniture Set/computerScreen.fbx
  artifactKey: Guid(1fb762921f9b22b478ce6738c38809be) Importer(815301076,1909f56bfc062723c751e8b465ee728b)
Start importing Assets/Building Blocks/Furniture Set/computerScreen.fbx using Guid(1fb762921f9b22b478ce6738c38809be) Importer(815301076,1909f56bfc062723c751e8b465ee728b)  -> (artifact id: 'dfafa879bd79942a015f53bbe60d5cfe') in 0.015857 seconds 
  Import took 0.017573 seconds .

========================================================================
Received Import Request.
  Time since last request: 0.000149 seconds.
  path: Assets/Building Blocks/Furniture Set/loungeDesignChair.fbx
  artifactKey: Guid(f7abb5099eba83047aaddf16df015980) Importer(815301076,1909f56bfc062723c751e8b465ee728b)
Start importing Assets/Building Blocks/Furniture Set/loungeDesignChair.fbx using Guid(f7abb5099eba83047aaddf16df015980) Importer(815301076,1909f56bfc062723c751e8b465ee728b)  -> (artifact id: '397d9fcab541d1eff4e92d765fe1660f') in 0.015414 seconds 
  Import took 0.017147 seconds .

========================================================================
Received Import Request.
  Time since last request: 0.000202 seconds.
  path: Assets/Building Blocks/Furniture Set/kitchenFridgeLarge.fbx
  artifactKey: Guid(0ea86b83ab6dc7549911f07fc4f7bd23) Importer(815301076,1909f56bfc062723c751e8b465ee728b)
Start importing Assets/Building Blocks/Furniture Set/kitchenFridgeLarge.fbx using Guid(0ea86b83ab6dc7549911f07fc4f7bd23) Importer(815301076,1909f56bfc062723c751e8b465ee728b)  -> (artifact id: '2cb9441f21fcbbc816601c98bd91d785') in 0.023646 seconds 
  Import took 0.025402 seconds .

========================================================================
Received Import Request.
  Time since last request: 0.000150 seconds.
  path: Assets/Building Blocks/Furniture Set/bookcaseClosedWide.fbx
  artifactKey: Guid(54f4a2cccc704994289984580db334cb) Importer(815301076,1909f56bfc062723c751e8b465ee728b)
Start importing Assets/Building Blocks/Furniture Set/bookcaseClosedWide.fbx using Guid(54f4a2cccc704994289984580db334cb) Importer(815301076,1909f56bfc062723c751e8b465ee728b)  -> (artifact id: '7d8a4f46580697dcdeae36e6f79ebe15') in 0.013222 seconds 
  Import took 0.014934 seconds .

========================================================================
Received Import Request.
  Time since last request: 0.000200 seconds.
  path: Assets/Building Blocks/Furniture Set/coatRack.fbx
  artifactKey: Guid(c67b61b4e52dd2f43807323fed5ba880) Importer(815301076,1909f56bfc062723c751e8b465ee728b)
Start importing Assets/Building Blocks/Furniture Set/coatRack.fbx using Guid(c67b61b4e52dd2f43807323fed5ba880) Importer(815301076,1909f56bfc062723c751e8b465ee728b)  -> (artifact id: '8d585e67eff961270566fe8621894d94') in 0.015784 seconds 
  Import took 0.017508 seconds .

========================================================================
Received Import Request.
  Time since last request: 0.000142 seconds.
  path: Assets/Building Blocks/Furniture Set/benchCushionLow.fbx
  artifactKey: Guid(eb0502e37f6528d44a77da6b07667244) Importer(815301076,1909f56bfc062723c751e8b465ee728b)
Start importing Assets/Building Blocks/Furniture Set/benchCushionLow.fbx using Guid(eb0502e37f6528d44a77da6b07667244) Importer(815301076,1909f56bfc062723c751e8b465ee728b)  -> (artifact id: '61228732425295bfbd22e4f7fb0f3d1e') in 0.017827 seconds 
  Import took 0.019527 seconds .

========================================================================
Received Import Request.
  Time since last request: 0.000149 seconds.
  path: Assets/Building Blocks/Furniture Set/lampWall.fbx
  artifactKey: Guid(a543f7a5d48670e4c89f3771b826c622) Importer(815301076,1909f56bfc062723c751e8b465ee728b)
Start importing Assets/Building Blocks/Furniture Set/lampWall.fbx using Guid(a543f7a5d48670e4c89f3771b826c622) Importer(815301076,1909f56bfc062723c751e8b465ee728b)  -> (artifact id: '0c8deec2538e0000e00517dc3beebdc5') in 0.017282 seconds 
  Import took 0.019093 seconds .

========================================================================
Received Import Request.
  Time since last request: 0.000156 seconds.
  path: Assets/Building Blocks/Furniture Set/bathtub.fbx
  artifactKey: Guid(aed6679d2f7565040a56e111db4d3df5) Importer(815301076,1909f56bfc062723c751e8b465ee728b)
Start importing Assets/Building Blocks/Furniture Set/bathtub.fbx using Guid(aed6679d2f7565040a56e111db4d3df5) Importer(815301076,1909f56bfc062723c751e8b465ee728b)  -> (artifact id: 'e9d5d55ea6395962fc898a3838a1604c') in 0.019561 seconds 
  Import took 0.021241 seconds .

========================================================================
Received Import Request.
  Time since last request: 0.000183 seconds.
  path: Assets/Building Blocks/Furniture Set/pottedPlant.fbx
  artifactKey: Guid(82f891203c723484b8245292b0009b63) Importer(815301076,1909f56bfc062723c751e8b465ee728b)
Start importing Assets/Building Blocks/Furniture Set/pottedPlant.fbx using Guid(82f891203c723484b8245292b0009b63) Importer(815301076,1909f56bfc062723c751e8b465ee728b)  -> (artifact id: '8167a95022c15204a475e4b4f9233b5c') in 0.022774 seconds 
  Import took 0.024489 seconds .

========================================================================
Received Import Request.
  Time since last request: 0.000146 seconds.
  path: Assets/Building Blocks/Furniture Set/lampRoundFloor.fbx
  artifactKey: Guid(92114985f8d67d54797c0aad5cb5abc4) Importer(815301076,1909f56bfc062723c751e8b465ee728b)
Start importing Assets/Building Blocks/Furniture Set/lampRoundFloor.fbx using Guid(92114985f8d67d54797c0aad5cb5abc4) Importer(815301076,1909f56bfc062723c751e8b465ee728b)  -> (artifact id: 'c971e34ec088917e34a5ddb053eadfae') in 0.017342 seconds 
  Import took 0.019090 seconds .

========================================================================
Received Import Request.
  Time since last request: 0.000157 seconds.
  path: Assets/Building Blocks/Furniture Set/pillowBlue.fbx
  artifactKey: Guid(da6dc100f82040846a833100e9ce1d82) Importer(815301076,1909f56bfc062723c751e8b465ee728b)
Start importing Assets/Building Blocks/Furniture Set/pillowBlue.fbx using Guid(da6dc100f82040846a833100e9ce1d82) Importer(815301076,1909f56bfc062723c751e8b465ee728b)  -> (artifact id: 'c174440b59045768953519147fcb706c') in 0.013735 seconds 
  Import took 0.015441 seconds .

========================================================================
Received Import Request.
  Time since last request: 0.000182 seconds.
  path: Assets/Building Blocks/Furniture Set/bathroomMirror.fbx
  artifactKey: Guid(568fb489d838a9849b4708e415fbb4e2) Importer(815301076,1909f56bfc062723c751e8b465ee728b)
Start importing Assets/Building Blocks/Furniture Set/bathroomMirror.fbx using Guid(568fb489d838a9849b4708e415fbb4e2) Importer(815301076,1909f56bfc062723c751e8b465ee728b)  -> (artifact id: '438810744db60c0b6e06a6001d4fc712') in 0.018781 seconds 
  Import took 0.020536 seconds .

========================================================================
Received Import Request.
  Time since last request: 0.000157 seconds.
  path: Assets/Building Blocks/Furniture Set/deskCorner.fbx
  artifactKey: Guid(83e066a155c78eb45afadd02b7c8aacf) Importer(815301076,1909f56bfc062723c751e8b465ee728b)
Start importing Assets/Building Blocks/Furniture Set/deskCorner.fbx using Guid(83e066a155c78eb45afadd02b7c8aacf) Importer(815301076,1909f56bfc062723c751e8b465ee728b)  -> (artifact id: '7486e539498160ba5f22121fd2712c06') in 0.020560 seconds 
  Import took 0.022358 seconds .

========================================================================
Received Import Request.
  Time since last request: 0.000131 seconds.
  path: Assets/Building Blocks/Furniture Set/loungeSofa.fbx
  artifactKey: Guid(6b4b7442d58f6994ba43648e114b261d) Importer(815301076,1909f56bfc062723c751e8b465ee728b)
Start importing Assets/Building Blocks/Furniture Set/loungeSofa.fbx using Guid(6b4b7442d58f6994ba43648e114b261d) Importer(815301076,1909f56bfc062723c751e8b465ee728b)  -> (artifact id: 'df9fa4d5be7702c5e16da15198199b2f') in 0.016806 seconds 
  Import took 0.018509 seconds .

========================================================================
Received Import Request.
  Time since last request: 0.000143 seconds.
  path: Assets/Building Blocks/Furniture Set/bathroomCabinet.fbx
  artifactKey: Guid(b0869c8b7f31fac4d873028cbe001f75) Importer(815301076,1909f56bfc062723c751e8b465ee728b)
Start importing Assets/Building Blocks/Furniture Set/bathroomCabinet.fbx using Guid(b0869c8b7f31fac4d873028cbe001f75) Importer(815301076,1909f56bfc062723c751e8b465ee728b)  -> (artifact id: '18fe22120a319fb69747d06abfccb2d9') in 0.021952 seconds 
  Import took 0.023689 seconds .

========================================================================
Received Import Request.
  Time since last request: 0.000146 seconds.
  path: Assets/Building Blocks/Furniture Set/tableCoffeeGlassSquare.fbx
  artifactKey: Guid(e3536c118d1316144ad3d47624af34fe) Importer(815301076,1909f56bfc062723c751e8b465ee728b)
Start importing Assets/Building Blocks/Furniture Set/tableCoffeeGlassSquare.fbx using Guid(e3536c118d1316144ad3d47624af34fe) Importer(815301076,1909f56bfc062723c751e8b465ee728b)  -> (artifact id: '824d0359485d0830621bde4cef5a3b12') in 0.015279 seconds 
  Import took 0.017060 seconds .

========================================================================
Received Import Request.
  Time since last request: 0.000173 seconds.
  path: Assets/Building Blocks/Furniture Set/tableCross.fbx
  artifactKey: Guid(52212b989a11a5e458b1222e9d572586) Importer(815301076,1909f56bfc062723c751e8b465ee728b)
Start importing Assets/Building Blocks/Furniture Set/tableCross.fbx using Guid(52212b989a11a5e458b1222e9d572586) Importer(815301076,1909f56bfc062723c751e8b465ee728b)  -> (artifact id: 'e446ba0b95c0308b2ca9026419f87066') in 0.013591 seconds 
  Import took 0.015310 seconds .

========================================================================
Received Import Request.
  Time since last request: 0.000135 seconds.
  path: Assets/Building Blocks/Furniture Set/wallHalf.fbx
  artifactKey: Guid(dc400772e0ce8a645a9ef70fed6b8d13) Importer(815301076,1909f56bfc062723c751e8b465ee728b)
Start importing Assets/Building Blocks/Furniture Set/wallHalf.fbx using Guid(dc400772e0ce8a645a9ef70fed6b8d13) Importer(815301076,1909f56bfc062723c751e8b465ee728b)  -> (artifact id: 'b00249ff7914d2fbb998968a6472ff18') in 0.017490 seconds 
  Import took 0.019222 seconds .

========================================================================
Received Import Request.
  Time since last request: 0.000165 seconds.
  path: Assets/Building Blocks/Furniture Set/bedSingle.fbx
  artifactKey: Guid(5c98dd0650afb06478b1c425a528c90b) Importer(815301076,1909f56bfc062723c751e8b465ee728b)
Start importing Assets/Building Blocks/Furniture Set/bedSingle.fbx using Guid(5c98dd0650afb06478b1c425a528c90b) Importer(815301076,1909f56bfc062723c751e8b465ee728b)  -> (artifact id: '151767e78e43e8e3fb7666489f8ec0bc') in 0.029365 seconds 
  Import took 0.031132 seconds .

========================================================================
Received Import Request.
  Time since last request: 0.000157 seconds.
  path: Assets/Building Blocks/Furniture Set/washer.fbx
  artifactKey: Guid(1dfed7c2e2457ee469b1684c88256e86) Importer(815301076,1909f56bfc062723c751e8b465ee728b)
Start importing Assets/Building Blocks/Furniture Set/washer.fbx using Guid(1dfed7c2e2457ee469b1684c88256e86) Importer(815301076,1909f56bfc062723c751e8b465ee728b)  -> (artifact id: 'd7d24de1d492c187c0c916269d6147ee') in 0.028483 seconds 
  Import took 0.030200 seconds .

========================================================================
Received Import Request.
  Time since last request: 0.000146 seconds.
  path: Assets/Building Blocks/Furniture Set/bookcaseOpen.fbx
  artifactKey: Guid(2578023e8c5bf8646833fc04b3cb709e) Importer(815301076,1909f56bfc062723c751e8b465ee728b)
Start importing Assets/Building Blocks/Furniture Set/bookcaseOpen.fbx using Guid(2578023e8c5bf8646833fc04b3cb709e) Importer(815301076,1909f56bfc062723c751e8b465ee728b)  -> (artifact id: 'c8b23760442b72fdcb002b7fa078e6c6') in 0.014547 seconds 
  Import took 0.016272 seconds .

========================================================================
Received Import Request.
  Time since last request: 0.000204 seconds.
  path: Assets/Building Blocks/Furniture Set/bench.fbx
  artifactKey: Guid(f9c263e94dab15646a5d0718c1976a89) Importer(815301076,1909f56bfc062723c751e8b465ee728b)
Start importing Assets/Building Blocks/Furniture Set/bench.fbx using Guid(f9c263e94dab15646a5d0718c1976a89) Importer(815301076,1909f56bfc062723c751e8b465ee728b)  -> (artifact id: '8e2eac63930ed47ef9ce0c140027ecbd') in 0.014076 seconds 
  Import took 0.015793 seconds .

========================================================================
Received Import Request.
  Time since last request: 0.000168 seconds.
  path: Assets/Building Blocks/Furniture Set/sideTable.fbx
  artifactKey: Guid(c905d22990fd7404aaa0bf32aa9d8592) Importer(815301076,1909f56bfc062723c751e8b465ee728b)
Start importing Assets/Building Blocks/Furniture Set/sideTable.fbx using Guid(c905d22990fd7404aaa0bf32aa9d8592) Importer(815301076,1909f56bfc062723c751e8b465ee728b)  -> (artifact id: '7a93943f7a602d6701c3cb46b46404e9') in 0.015247 seconds 
  Import took 0.016940 seconds .

========================================================================
Received Import Request.
  Time since last request: 0.000208 seconds.
  path: Assets/Building Blocks/Furniture Set/stairsOpen.fbx
  artifactKey: Guid(d49194d5389c79b4ca0ec09691c49455) Importer(815301076,1909f56bfc062723c751e8b465ee728b)
Start importing Assets/Building Blocks/Furniture Set/stairsOpen.fbx using Guid(d49194d5389c79b4ca0ec09691c49455) Importer(815301076,1909f56bfc062723c751e8b465ee728b)  -> (artifact id: '585ec0a24cd70c497f25988dad002f71') in 0.029607 seconds 
  Import took 0.031402 seconds .

========================================================================
Received Import Request.
  Time since last request: 0.000147 seconds.
  path: Assets/Building Blocks/Furniture Set/floorHalf.fbx
  artifactKey: Guid(2c1f735a5f2e3474894fda3e06d9176c) Importer(815301076,1909f56bfc062723c751e8b465ee728b)
Start importing Assets/Building Blocks/Furniture Set/floorHalf.fbx using Guid(2c1f735a5f2e3474894fda3e06d9176c) Importer(815301076,1909f56bfc062723c751e8b465ee728b)  -> (artifact id: '3cf9ccd4f0b593cb0793025f2d60ca66') in 0.012887 seconds 
  Import took 0.014601 seconds .

========================================================================
Received Import Request.
  Time since last request: 0.000121 seconds.
  path: Assets/Building Blocks/Furniture Set/kitchenStoveElectric.fbx
  artifactKey: Guid(4a156306d9d41134bb3d5ab40c6bc617) Importer(815301076,1909f56bfc062723c751e8b465ee728b)
Start importing Assets/Building Blocks/Furniture Set/kitchenStoveElectric.fbx using Guid(4a156306d9d41134bb3d5ab40c6bc617) Importer(815301076,1909f56bfc062723c751e8b465ee728b)  -> (artifact id: '3e8c59d8ebdcc903ee6f784f101208d3') in 0.024266 seconds 
  Import took 0.026089 seconds .

========================================================================
Received Import Request.
  Time since last request: 0.000138 seconds.
  path: Assets/Building Blocks/Furniture Set/speakerSmall.fbx
  artifactKey: Guid(26edf990c3a0e3447bd024ba7412a63d) Importer(815301076,1909f56bfc062723c751e8b465ee728b)
Start importing Assets/Building Blocks/Furniture Set/speakerSmall.fbx using Guid(26edf990c3a0e3447bd024ba7412a63d) Importer(815301076,1909f56bfc062723c751e8b465ee728b)  -> (artifact id: '9bb1f8ffc14d993a326594e69894ff38') in 0.016278 seconds 
  Import took 0.018073 seconds .

========================================================================
Received Import Request.
  Time since last request: 0.000181 seconds.
  path: Assets/Building Blocks/Furniture Set/lampSquareCeiling.fbx
  artifactKey: Guid(98d8bfa9170cdc74787e74833b27913a) Importer(815301076,1909f56bfc062723c751e8b465ee728b)
Start importing Assets/Building Blocks/Furniture Set/lampSquareCeiling.fbx using Guid(98d8bfa9170cdc74787e74833b27913a) Importer(815301076,1909f56bfc062723c751e8b465ee728b)  -> (artifact id: '9d04e6e7da0fb8b6b011a465f9005041') in 0.016890 seconds 
  Import took 0.018779 seconds .

========================================================================
Received Import Request.
  Time since last request: 0.000158 seconds.
  path: Assets/Building Blocks/Furniture Set/dryer.fbx
  artifactKey: Guid(1df8941c7b0f66d418d3e67cc8aeab2a) Importer(815301076,1909f56bfc062723c751e8b465ee728b)
Start importing Assets/Building Blocks/Furniture Set/dryer.fbx using Guid(1df8941c7b0f66d418d3e67cc8aeab2a) Importer(815301076,1909f56bfc062723c751e8b465ee728b)  -> (artifact id: '90fc9935c1e362ffe964d6432d177011') in 0.023671 seconds 
  Import took 0.025440 seconds .

========================================================================
Received Import Request.
  Time since last request: 0.000147 seconds.
  path: Assets/Building Blocks/Furniture Set/chairRounded.fbx
  artifactKey: Guid(9c6e88908321a7e4298fc6680a553cd8) Importer(815301076,1909f56bfc062723c751e8b465ee728b)
Start importing Assets/Building Blocks/Furniture Set/chairRounded.fbx using Guid(9c6e88908321a7e4298fc6680a553cd8) Importer(815301076,1909f56bfc062723c751e8b465ee728b)  -> (artifact id: 'f5d4002f0558f1c5870ec37752cac698') in 0.013170 seconds 
  Import took 0.014943 seconds .

========================================================================
Received Import Request.
  Time since last request: 0.000129 seconds.
  path: Assets/Building Blocks/Furniture Set/kitchenCabinetUpperCorner.fbx
  artifactKey: Guid(366a3291a36cb09408e1e42750d793b4) Importer(815301076,1909f56bfc062723c751e8b465ee728b)
Start importing Assets/Building Blocks/Furniture Set/kitchenCabinetUpperCorner.fbx using Guid(366a3291a36cb09408e1e42750d793b4) Importer(815301076,1909f56bfc062723c751e8b465ee728b)  -> (artifact id: '9f63c2a00ac51b77cf586fad4d65274f') in 0.013950 seconds 
  Import took 0.015779 seconds .

========================================================================
Received Import Request.
  Time since last request: 0.000190 seconds.
  path: Assets/Building Blocks/Furniture Set/tableCoffee.fbx
  artifactKey: Guid(a406fd5bcb7c5d649a22b42c27d0f083) Importer(815301076,1909f56bfc062723c751e8b465ee728b)
Start importing Assets/Building Blocks/Furniture Set/tableCoffee.fbx using Guid(a406fd5bcb7c5d649a22b42c27d0f083) Importer(815301076,1909f56bfc062723c751e8b465ee728b)  -> (artifact id: 'cd060a52147232ea7601a8a5f3ca2631') in 0.013086 seconds 
  Import took 0.015004 seconds .

========================================================================
Received Import Request.
  Time since last request: 0.000127 seconds.
  path: Assets/Building Blocks/Furniture Set/table.fbx
  artifactKey: Guid(4b3088bded9442b4e932d1f4d999bb12) Importer(815301076,1909f56bfc062723c751e8b465ee728b)
Start importing Assets/Building Blocks/Furniture Set/table.fbx using Guid(4b3088bded9442b4e932d1f4d999bb12) Importer(815301076,1909f56bfc062723c751e8b465ee728b)  -> (artifact id: '062183893df989d0d70770b7a3247a7c') in 0.013436 seconds 
  Import took 0.015251 seconds .

========================================================================
Received Import Request.
  Time since last request: 0.000195 seconds.
  path: Assets/Building Blocks/Furniture Set/tableGlass.fbx
  artifactKey: Guid(b2f9d931231edb740b3c11afd53c21bf) Importer(815301076,1909f56bfc062723c751e8b465ee728b)
Start importing Assets/Building Blocks/Furniture Set/tableGlass.fbx using Guid(b2f9d931231edb740b3c11afd53c21bf) Importer(815301076,1909f56bfc062723c751e8b465ee728b)  -> (artifact id: '34f6919de41b6518c2945e47f5ee5d8c') in 0.015125 seconds 
  Import took 0.016817 seconds .

========================================================================
Received Import Request.
  Time since last request: 0.000162 seconds.
  path: Assets/Building Blocks/Furniture Set/cabinetBedDrawerTable.fbx
  artifactKey: Guid(269a5eaf119bd27418e3b18e6466db31) Importer(815301076,1909f56bfc062723c751e8b465ee728b)
Start importing Assets/Building Blocks/Furniture Set/cabinetBedDrawerTable.fbx using Guid(269a5eaf119bd27418e3b18e6466db31) Importer(815301076,1909f56bfc062723c751e8b465ee728b)  -> (artifact id: '766de8446aa6b93919dbaeabf418c0c8') in 0.022344 seconds 
  Import took 0.024117 seconds .

========================================================================
Received Import Request.
  Time since last request: 0.000128 seconds.
  path: Assets/Building Blocks/Furniture Set/hoodLarge.fbx
  artifactKey: Guid(09f933d47a7621e44a841447a1a16804) Importer(815301076,1909f56bfc062723c751e8b465ee728b)
Start importing Assets/Building Blocks/Furniture Set/hoodLarge.fbx using Guid(09f933d47a7621e44a841447a1a16804) Importer(815301076,1909f56bfc062723c751e8b465ee728b)  -> (artifact id: 'f8996763e96a5acabf183345264976df') in 0.015696 seconds 
  Import took 0.017378 seconds .

========================================================================
Received Import Request.
  Time since last request: 0.000142 seconds.
  path: Assets/Building Blocks/Furniture Set/sideTableDrawers.fbx
  artifactKey: Guid(1b47fb1efefb85c4fbb203c808f519d8) Importer(815301076,1909f56bfc062723c751e8b465ee728b)
Start importing Assets/Building Blocks/Furniture Set/sideTableDrawers.fbx using Guid(1b47fb1efefb85c4fbb203c808f519d8) Importer(815301076,1909f56bfc062723c751e8b465ee728b)  -> (artifact id: '9c93bb69e6c1a5465195682e4befc4d2') in 0.026700 seconds 
  Import took 0.028424 seconds .

========================================================================
Received Import Request.
  Time since last request: 0.000124 seconds.
  path: Assets/Building Blocks/Furniture Set/toaster.fbx
  artifactKey: Guid(d655835c5c801ea44a163b233bf2deb6) Importer(815301076,1909f56bfc062723c751e8b465ee728b)
Start importing Assets/Building Blocks/Furniture Set/toaster.fbx using Guid(d655835c5c801ea44a163b233bf2deb6) Importer(815301076,1909f56bfc062723c751e8b465ee728b)  -> (artifact id: '94c41ccf3d2f5f04542087ae61c8fcf7') in 0.015620 seconds 
  Import took 0.017350 seconds .

========================================================================
Received Import Request.
  Time since last request: 0.000147 seconds.
  path: Assets/Building Blocks/Furniture Set/loungeDesignSofaCorner.fbx
  artifactKey: Guid(36d140aa419b9324b8a9c4e3c446a394) Importer(815301076,1909f56bfc062723c751e8b465ee728b)
Start importing Assets/Building Blocks/Furniture Set/loungeDesignSofaCorner.fbx using Guid(36d140aa419b9324b8a9c4e3c446a394) Importer(815301076,1909f56bfc062723c751e8b465ee728b)  -> (artifact id: '68d424bf6f2c175efe2ad25fdf27c3e2') in 0.020112 seconds 
  Import took 0.021828 seconds .

========================================================================
Received Import Request.
  Time since last request: 0.000150 seconds.
  path: Assets/Building Blocks/Furniture Set/kitchenFridgeSmall.fbx
  artifactKey: Guid(0a84e64277d14684aa2e1395a8ab5d18) Importer(815301076,1909f56bfc062723c751e8b465ee728b)
Start importing Assets/Building Blocks/Furniture Set/kitchenFridgeSmall.fbx using Guid(0a84e64277d14684aa2e1395a8ab5d18) Importer(815301076,1909f56bfc062723c751e8b465ee728b)  -> (artifact id: '4d24b3f6e9b408ee8762d11699f5724f') in 0.024946 seconds 
  Import took 0.026887 seconds .

========================================================================
Received Import Request.
  Time since last request: 0.000120 seconds.
  path: Assets/Building Blocks/Furniture Set/kitchenCabinetUpper.fbx
  artifactKey: Guid(a020ee5f56fecef47bb50df314426e79) Importer(815301076,1909f56bfc062723c751e8b465ee728b)
Start importing Assets/Building Blocks/Furniture Set/kitchenCabinetUpper.fbx using Guid(a020ee5f56fecef47bb50df314426e79) Importer(815301076,1909f56bfc062723c751e8b465ee728b)  -> (artifact id: 'c3c15d45d975a95621dca1e12910d219') in 0.022347 seconds 
  Import took 0.024073 seconds .

========================================================================
Received Import Request.
  Time since last request: 0.000108 seconds.
  path: Assets/Building Blocks/Furniture Set/chairDesk.fbx
  artifactKey: Guid(74c25d15ad5b43b44ab4fd7d34f693cf) Importer(815301076,1909f56bfc062723c751e8b465ee728b)
Start importing Assets/Building Blocks/Furniture Set/chairDesk.fbx using Guid(74c25d15ad5b43b44ab4fd7d34f693cf) Importer(815301076,1909f56bfc062723c751e8b465ee728b)  -> (artifact id: '743b8a6e79fc7b48ec880eb893b9fa93') in 0.019430 seconds 
  Import took 0.021172 seconds .

========================================================================
Received Import Request.
  Time since last request: 0.000143 seconds.
  path: Assets/Building Blocks/Furniture Set/doorwayOpen.fbx
  artifactKey: Guid(22463f215abe3e740899434823f16527) Importer(815301076,1909f56bfc062723c751e8b465ee728b)
Start importing Assets/Building Blocks/Furniture Set/doorwayOpen.fbx using Guid(22463f215abe3e740899434823f16527) Importer(815301076,1909f56bfc062723c751e8b465ee728b)  -> (artifact id: '5838de6156ef095c3ff2b40e275162d1') in 0.014164 seconds 
  Import took 0.015825 seconds .

========================================================================
Received Import Request.
  Time since last request: 0.000166 seconds.
  path: Assets/Building Blocks/Furniture Set/kitchenCabinetCornerRound.fbx
  artifactKey: Guid(896d3cbad07e10e45926997936135338) Importer(815301076,1909f56bfc062723c751e8b465ee728b)
Start importing Assets/Building Blocks/Furniture Set/kitchenCabinetCornerRound.fbx using Guid(896d3cbad07e10e45926997936135338) Importer(815301076,1909f56bfc062723c751e8b465ee728b)  -> (artifact id: 'cbe9b6c125ff620a363e5e5b6b07017c') in 0.014837 seconds 
  Import took 0.016530 seconds .

========================================================================
Received Import Request.
  Time since last request: 0.000168 seconds.
  path: Assets/Building Blocks/Furniture Set/cabinetBed.fbx
  artifactKey: Guid(41e9eba403344d04984f0303516a2457) Importer(815301076,1909f56bfc062723c751e8b465ee728b)
Start importing Assets/Building Blocks/Furniture Set/cabinetBed.fbx using Guid(41e9eba403344d04984f0303516a2457) Importer(815301076,1909f56bfc062723c751e8b465ee728b)  -> (artifact id: '121ee4e8e1f6f91f6f86556afb7a395b') in 0.018673 seconds 
  Import took 0.020417 seconds .

========================================================================
Received Import Request.
  Time since last request: 0.000143 seconds.
  path: Assets/Building Blocks/Furniture Set/tableCoffeeGlass.fbx
  artifactKey: Guid(8050aa1cb552e364a90cb665a7f3d2ef) Importer(815301076,1909f56bfc062723c751e8b465ee728b)
Start importing Assets/Building Blocks/Furniture Set/tableCoffeeGlass.fbx using Guid(8050aa1cb552e364a90cb665a7f3d2ef) Importer(815301076,1909f56bfc062723c751e8b465ee728b)  -> (artifact id: 'aea8c3179a6945f77efbcfc959bf5d89') in 0.014799 seconds 
  Import took 0.016504 seconds .

========================================================================
Received Import Request.
  Time since last request: 0.000131 seconds.
  path: Assets/Building Blocks/Furniture Set/rugDoormat.fbx
  artifactKey: Guid(26284b1bf8e917d418b0362c7d1d8de8) Importer(815301076,1909f56bfc062723c751e8b465ee728b)
Start importing Assets/Building Blocks/Furniture Set/rugDoormat.fbx using Guid(26284b1bf8e917d418b0362c7d1d8de8) Importer(815301076,1909f56bfc062723c751e8b465ee728b)  -> (artifact id: '2d39abdb56436ed63be9511cba5f5256') in 0.012774 seconds 
  Import took 0.014460 seconds .

========================================================================
Received Import Request.
  Time since last request: 0.000142 seconds.
  path: Assets/Building Blocks/Furniture Set/computerMouse.fbx
  artifactKey: Guid(0ebeb1b7652bfdb46b88310b690a0c5e) Importer(815301076,1909f56bfc062723c751e8b465ee728b)
Start importing Assets/Building Blocks/Furniture Set/computerMouse.fbx using Guid(0ebeb1b7652bfdb46b88310b690a0c5e) Importer(815301076,1909f56bfc062723c751e8b465ee728b)  -> (artifact id: 'ddb1dfe60dc79b3de0314ad97e0dc701') in 0.012920 seconds 
  Import took 0.014626 seconds .

========================================================================
Received Import Request.
  Time since last request: 0.000124 seconds.
  path: Assets/Building Blocks/Furniture Set/kitchenBlender.fbx
  artifactKey: Guid(e0999e9d44664554bb7f11a60b3d1cee) Importer(815301076,1909f56bfc062723c751e8b465ee728b)
Start importing Assets/Building Blocks/Furniture Set/kitchenBlender.fbx using Guid(e0999e9d44664554bb7f11a60b3d1cee) Importer(815301076,1909f56bfc062723c751e8b465ee728b)  -> (artifact id: '1460de73a0cb0dcc9131fb6bf15e34d7') in 0.025995 seconds 
  Import took 0.027810 seconds .

========================================================================
Received Import Request.
  Time since last request: 0.000124 seconds.
  path: Assets/Building Blocks/Furniture Set/bathroomCabinetDrawer.fbx
  artifactKey: Guid(ec05756d5b9624b49adab093d74ad4a0) Importer(815301076,1909f56bfc062723c751e8b465ee728b)
Start importing Assets/Building Blocks/Furniture Set/bathroomCabinetDrawer.fbx using Guid(ec05756d5b9624b49adab093d74ad4a0) Importer(815301076,1909f56bfc062723c751e8b465ee728b)  -> (artifact id: 'f86e1a3367be0e313fa1482527692923') in 0.027770 seconds 
  Import took 0.029525 seconds .

========================================================================
Received Import Request.
  Time since last request: 0.000168 seconds.
  path: Assets/Building Blocks/Furniture Set/cabinetTelevisionDoors.fbx
  artifactKey: Guid(890444530a5deb34392a0a90a2d8ba2e) Importer(815301076,1909f56bfc062723c751e8b465ee728b)
Start importing Assets/Building Blocks/Furniture Set/cabinetTelevisionDoors.fbx using Guid(890444530a5deb34392a0a90a2d8ba2e) Importer(815301076,1909f56bfc062723c751e8b465ee728b)  -> (artifact id: 'de62b573d5b32e1a155f33e3313727fd') in 0.023349 seconds 
  Import took 0.025063 seconds .

========================================================================
Received Import Request.
  Time since last request: 0.000112 seconds.
  path: Assets/Building Blocks/Furniture Set/loungeSofaOttoman.fbx
  artifactKey: Guid(838a73ac63c522644b58197d0eb26bb1) Importer(815301076,1909f56bfc062723c751e8b465ee728b)
Start importing Assets/Building Blocks/Furniture Set/loungeSofaOttoman.fbx using Guid(838a73ac63c522644b58197d0eb26bb1) Importer(815301076,1909f56bfc062723c751e8b465ee728b)  -> (artifact id: 'b962ba4c54bc6674c761629a5f4e6736') in 0.015570 seconds 
  Import took 0.017236 seconds .

========================================================================
Received Import Request.
  Time since last request: 0.000143 seconds.
  path: Assets/Building Blocks/Furniture Set/cardboardBoxClosed.fbx
  artifactKey: Guid(ff194d2de206391489e8ffaeef846e5b) Importer(815301076,1909f56bfc062723c751e8b465ee728b)
Start importing Assets/Building Blocks/Furniture Set/cardboardBoxClosed.fbx using Guid(ff194d2de206391489e8ffaeef846e5b) Importer(815301076,1909f56bfc062723c751e8b465ee728b)  -> (artifact id: 'dbc9e48b49a9b5dde7207fdf1c538082') in 0.014936 seconds 
  Import took 0.016650 seconds .

========================================================================
Received Import Request.
  Time since last request: 0.000149 seconds.
  path: Assets/Building Blocks/Furniture Set/floorFull.fbx
  artifactKey: Guid(f2f032d39db0b844a89d302003753bdd) Importer(815301076,1909f56bfc062723c751e8b465ee728b)
Start importing Assets/Building Blocks/Furniture Set/floorFull.fbx using Guid(f2f032d39db0b844a89d302003753bdd) Importer(815301076,1909f56bfc062723c751e8b465ee728b)  -> (artifact id: 'b1e9c34e6d30181ed1ce78d27ffdbe5f') in 0.013010 seconds 
  Import took 0.015121 seconds .

========================================================================
Received Import Request.
  Time since last request: 0.000148 seconds.
  path: Assets/Building Blocks/Furniture Set/wallDoorwayWide.fbx
  artifactKey: Guid(3c6c7f4741920844fad28336442abd3d) Importer(815301076,1909f56bfc062723c751e8b465ee728b)
Start importing Assets/Building Blocks/Furniture Set/wallDoorwayWide.fbx using Guid(3c6c7f4741920844fad28336442abd3d) Importer(815301076,1909f56bfc062723c751e8b465ee728b)  -> (artifact id: '2f6536cfdf73ab73abd7b873e0ab05ac') in 0.017516 seconds 
  Import took 0.019259 seconds .

========================================================================
Received Import Request.
  Time since last request: 0.001039 seconds.
  path: Assets/Building Blocks/Furniture Set/kitchenFridgeBuiltIn.fbx
  artifactKey: Guid(b610fcc8a1055404cb3230ab64841b14) Importer(815301076,1909f56bfc062723c751e8b465ee728b)
Start importing Assets/Building Blocks/Furniture Set/kitchenFridgeBuiltIn.fbx using Guid(b610fcc8a1055404cb3230ab64841b14) Importer(815301076,1909f56bfc062723c751e8b465ee728b)  -> (artifact id: 'a6653bffd9a1a7868130e665a0062a00') in 0.032108 seconds 
  Import took 0.033975 seconds .

========================================================================
Received Import Request.
  Time since last request: 0.000176 seconds.
  path: Assets/Building Blocks/Furniture Set/stairsCorner.fbx
  artifactKey: Guid(cd27376a5d116ac409e0a06deaabfee4) Importer(815301076,1909f56bfc062723c751e8b465ee728b)
Start importing Assets/Building Blocks/Furniture Set/stairsCorner.fbx using Guid(cd27376a5d116ac409e0a06deaabfee4) Importer(815301076,1909f56bfc062723c751e8b465ee728b)  -> (artifact id: 'f0a721fedce7c75c0300da6f16d5d96a') in 0.016785 seconds 
  Import took 0.018548 seconds .

========================================================================
Received Import Request.
  Time since last request: 0.000180 seconds.
  path: Assets/Building Blocks/Furniture Set/kitchenCoffeeMachine.fbx
  artifactKey: Guid(c2622bde52a710b4fa71e85c44149dd2) Importer(815301076,1909f56bfc062723c751e8b465ee728b)
Start importing Assets/Building Blocks/Furniture Set/kitchenCoffeeMachine.fbx using Guid(c2622bde52a710b4fa71e85c44149dd2) Importer(815301076,1909f56bfc062723c751e8b465ee728b)  -> (artifact id: 'dd7b6f92a42091d678f24aafc947a390') in 0.020551 seconds 
  Import took 0.022261 seconds .

========================================================================
Received Import Request.
  Time since last request: 0.000147 seconds.
  path: Assets/Building Blocks/Furniture Set/showerRound.fbx
  artifactKey: Guid(d0fd21dc5a82d7c4cb94060a6bb15319) Importer(815301076,1909f56bfc062723c751e8b465ee728b)
Start importing Assets/Building Blocks/Furniture Set/showerRound.fbx using Guid(d0fd21dc5a82d7c4cb94060a6bb15319) Importer(815301076,1909f56bfc062723c751e8b465ee728b)  -> (artifact id: 'cfe62662449f91c34e1afbb28ef4d8b5') in 0.032145 seconds 
  Import took 0.033867 seconds .

========================================================================
Received Import Request.
  Time since last request: 0.000148 seconds.
  path: Assets/Building Blocks/Furniture Set/kitchenFridge.fbx
  artifactKey: Guid(da6031e5e3eb9b843816544d6a2bf734) Importer(815301076,1909f56bfc062723c751e8b465ee728b)
Start importing Assets/Building Blocks/Furniture Set/kitchenFridge.fbx using Guid(da6031e5e3eb9b843816544d6a2bf734) Importer(815301076,1909f56bfc062723c751e8b465ee728b)  -> (artifact id: '2396503683dab4c2ce8127f3d622363f') in 0.027289 seconds 
  Import took 0.029151 seconds .

========================================================================
Received Import Request.
  Time since last request: 0.000130 seconds.
  path: Assets/Building Blocks/Furniture Set/wallWindow.fbx
  artifactKey: Guid(6b1bf604b23f8d34bb761e50a8e694ba) Importer(815301076,1909f56bfc062723c751e8b465ee728b)
Start importing Assets/Building Blocks/Furniture Set/wallWindow.fbx using Guid(6b1bf604b23f8d34bb761e50a8e694ba) Importer(815301076,1909f56bfc062723c751e8b465ee728b)  -> (artifact id: '8b12947df8997bd1b07fbd7b4db1c938') in 0.026821 seconds 
  Import took 0.028530 seconds .

========================================================================
Received Import Request.
  Time since last request: 0.000146 seconds.
  path: Assets/Building Blocks/Furniture Set/stairs.fbx
  artifactKey: Guid(c0d3a04ba63e80f4e9ee676786e3ecfa) Importer(815301076,1909f56bfc062723c751e8b465ee728b)
Start importing Assets/Building Blocks/Furniture Set/stairs.fbx using Guid(c0d3a04ba63e80f4e9ee676786e3ecfa) Importer(815301076,1909f56bfc062723c751e8b465ee728b)  -> (artifact id: '3ded0c5b45731545f955765be93c055f') in 0.015153 seconds 
  Import took 0.016908 seconds .

========================================================================
Received Import Request.
  Time since last request: 0.000153 seconds.
  path: Assets/Building Blocks/Furniture Set/pillow.fbx
  artifactKey: Guid(a8f25c2d246fc7c45a81859de9b2d2df) Importer(815301076,1909f56bfc062723c751e8b465ee728b)
Start importing Assets/Building Blocks/Furniture Set/pillow.fbx using Guid(a8f25c2d246fc7c45a81859de9b2d2df) Importer(815301076,1909f56bfc062723c751e8b465ee728b)  -> (artifact id: '581ca21491b45affe4e95df15b0f244b') in 0.013381 seconds 
  Import took 0.015121 seconds .

========================================================================
Received Import Request.
  Time since last request: 0.000143 seconds.
  path: Assets/Building Blocks/Furniture Set/loungeChair.fbx
  artifactKey: Guid(f29496c8f419c0e46a632ca7aa192b84) Importer(815301076,1909f56bfc062723c751e8b465ee728b)
Start importing Assets/Building Blocks/Furniture Set/loungeChair.fbx using Guid(f29496c8f419c0e46a632ca7aa192b84) Importer(815301076,1909f56bfc062723c751e8b465ee728b)  -> (artifact id: 'd674e024eb6580a3429e04a6a6e3d8a0') in 0.015239 seconds 
  Import took 0.016912 seconds .

========================================================================
Received Import Request.
  Time since last request: 0.000195 seconds.
  path: Assets/Building Blocks/Furniture Set/televisionModern.fbx
  artifactKey: Guid(9e942589461e54646bdc5e82c92196c6) Importer(815301076,1909f56bfc062723c751e8b465ee728b)
Start importing Assets/Building Blocks/Furniture Set/televisionModern.fbx using Guid(9e942589461e54646bdc5e82c92196c6) Importer(815301076,1909f56bfc062723c751e8b465ee728b)  -> (artifact id: 'bfc5c8c6e049ce7c8ccb5f82405d66f5') in 0.016282 seconds 
  Import took 0.017980 seconds .

========================================================================
Received Import Request.
  Time since last request: 0.000171 seconds.
  path: Assets/Building Blocks/Furniture Set/bedBunk.fbx
  artifactKey: Guid(86b410bb45801d94099e91d09fae95e0) Importer(815301076,1909f56bfc062723c751e8b465ee728b)
Start importing Assets/Building Blocks/Furniture Set/bedBunk.fbx using Guid(86b410bb45801d94099e91d09fae95e0) Importer(815301076,1909f56bfc062723c751e8b465ee728b)  -> (artifact id: '635ca205df48cb3a5d8d42f843fe6220') in 0.033360 seconds 
  Import took 0.035095 seconds .

========================================================================
Received Import Request.
  Time since last request: 0.000201 seconds.
  path: Assets/Building Blocks/Furniture Set/wallCornerRond.fbx
  artifactKey: Guid(3f2b1d679f91cd04782ce9aa9d10db14) Importer(815301076,1909f56bfc062723c751e8b465ee728b)
Start importing Assets/Building Blocks/Furniture Set/wallCornerRond.fbx using Guid(3f2b1d679f91cd04782ce9aa9d10db14) Importer(815301076,1909f56bfc062723c751e8b465ee728b)  -> (artifact id: 'f986cce178e7d2f91569d7ba8fca11e4') in 0.018220 seconds 
  Import took 0.019983 seconds .

AssetImportWorkerClient::OnTransportError - code=2 error=End of file
